<?xml version="1.0" encoding="UTF-8" ?>
<testsuite 
errors="0" failures="0" hostname="udgama" name="org.scalatest.tools.DiscoverySuite" tests="0" time="8.978" timestamp="2016-01-27T21:15:57">
  <properties>
    <property name="java.runtime.name" value="Java(TM) SE Runtime Environment">
    </property>
    <property 
    name="sun.boot.library.path" value="/Library/Java/JavaVirtualMachines/jdk1.7.0_80.jdk/Contents/Home/jre/lib">
</property>
    <property name="java.vm.version" value="24.80-b07"> </property>
    <property name="user.country.format" value="IN"> </property>
    <property name="gopherProxySet" value="false"> </property>
    <property name="java.vm.vendor" value="Oracle Corporation"> </property>
    <property name="java.vendor.url" value="http://java.oracle.com/">
    </property>
    <property name="path.separator" value=":"> </property>
    <property name="java.vm.name" value="Java HotSpot(TM) 64-Bit Server VM">
    </property>
    <property name="file.encoding.pkg" value="sun.io"> </property>
    <property name="user.country" value="US"> </property>
    <property name="sun.java.launcher" value="SUN_STANDARD"> </property>
    <property name="sun.os.patch.level" value="unknown"> </property>
    <property 
    name="java.vm.specification.name" value="Java Virtual Machine Specification">
</property>
    <property 
    name="user.dir" value="/Users/work1/pubnub/java/scala/scala-pubnub-tests">
</property>
    <property name="java.runtime.version" value="1.7.0_80-ea-b05"> </property>
    <property name="java.awt.graphicsenv" value="sun.awt.CGraphicsEnvironment">
    </property>
    <property 
    name="basedir" value="/Users/work1/pubnub/java/scala/scala-pubnub-tests">
</property>
    <property 
    name="java.endorsed.dirs" value="/Library/Java/JavaVirtualMachines/jdk1.7.0_80.jdk/Contents/Home/jre/lib/endorsed">
</property>
    <property name="os.arch" value="x86_64"> </property>
    <property 
    name="java.io.tmpdir" value="/var/folders/9x/vxk5c1t542s4r0xysdr20d2w0000gq/T/">
</property>
    <property name="line.separator" value=" "> </property>
    <property name="java.vm.specification.vendor" value="Oracle Corporation">
    </property>
    <property name="os.name" value="Mac OS X"> </property>
    <property name="sun.jnu.encoding" value="UTF-8"> </property>
    <property 
    name="java.library.path" value="/Users/work1/Library/Java/Extensions:/Library/Java/Extensions:/Network/Library/Java/Extensions:/System/Library/Java/Extensions:/usr/lib/java:.">
</property>
    <property 
    name="java.specification.name" value="Java Platform API Specification">
</property>
    <property name="java.class.version" value="51.0"> </property>
    <property 
    name="sun.management.compiler" value="HotSpot 64-Bit Tiered Compilers">
</property>
    <property name="os.version" value="10.10.5"> </property>
    <property 
    name="http.nonProxyHosts" value="local|*.local|169.254/16|*.169.254/16">
</property>
    <property name="user.home" value="/Users/work1"> </property>
    <property name="user.timezone" value=""> </property>
    <property name="java.awt.printerjob" value="sun.lwawt.macosx.CPrinterJob">
    </property>
    <property name="java.specification.version" value="1.7"> </property>
    <property name="file.encoding" value="UTF-8"> </property>
    <property name="user.name" value="work1"> </property>
    <property 
    name="java.class.path" value="/Users/work1/pubnub/java/scala/scala-pubnub-tests/target/test-classes:/Users/work1/pubnub/java/scala/scala-pubnub-tests/target/classes:/Users/work1/.m2/repository/org/scala-lang/scala-library/2.10.0/scala-library-2.10.0.jar:/Users/work1/.m2/repository/org/apache/commons/commons-lang3/3.4/commons-lang3-3.4.jar:/Users/work1/.m2/repository/junit/junit/4.11/junit-4.11.jar:/Users/work1/.m2/repository/org/hamcrest/hamcrest-core/1.3/hamcrest-core-1.3.jar:/Users/work1/.m2/repository/org/specs2/specs2_2.10/1.13/specs2_2.10-1.13.jar:/Users/work1/.m2/repository/org/specs2/scalaz-core_2.10/7.0.0/scalaz-core_2.10-7.0.0.jar:/Users/work1/.m2/repository/org/specs2/scalaz-concurrent_2.10/7.0.0/scalaz-concurrent_2.10-7.0.0.jar:/Users/work1/.m2/repository/org/specs2/scalaz-effect_2.10/7.0.0/scalaz-effect_2.10-7.0.0.jar:/Users/work1/.m2/repository/org/scalatest/scalatest_2.10/2.0.M6-SNAP8/scalatest_2.10-2.0.M6-SNAP8.jar:/Users/work1/.m2/repository/org/json/json/20090211/json-20090211.jar:/Users/work1/.m2/repository/org/slf4j/slf4j-api/1.7.5/slf4j-api-1.7.5.jar:/Users/work1/.m2/repository/org/bouncycastle/bcprov-jdk16/1.46/bcprov-jdk16-1.46.jar:/Users/work1/.m2/repository/org/slf4j/slf4j-simple/1.7.13/slf4j-simple-1.7.13.jar:/Users/work1/.m2/repository/com/jayway/awaitility/awaitility/1.7.0/awaitility-1.7.0.jar:/Users/work1/.m2/repository/org/hamcrest/hamcrest-library/1.3/hamcrest-library-1.3.jar:/Users/work1/.m2/repository/cglib/cglib-nodep/3.1/cglib-nodep-3.1.jar:/Users/work1/.m2/repository/org/objenesis/objenesis/2.1/objenesis-2.1.jar:/Users/work1/.m2/repository/com/jayway/awaitility/awaitility-scala/1.7.0/awaitility-scala-1.7.0.jar">
</property>
    <property name="org.slf4j.simpleLogger.defaultLogLevel" value="debug">
    </property>
    <property name="java.vm.specification.version" value="1.7"> </property>
    <property name="sun.arch.data.model" value="64"> </property>
    <property 
    name="java.home" value="/Library/Java/JavaVirtualMachines/jdk1.7.0_80.jdk/Contents/Home/jre">
</property>
    <property 
    name="sun.java.command" value="org.scalatest.tools.Runner -R /Users/work1/pubnub/java/scala/scala-pubnub-tests/target/classes /Users/work1/pubnub/java/scala/scala-pubnub-tests/target/test-classes -Dpublish_key=ds -Dsubscribe_key=ds -Dsecret_key=ds -Dcipher_key=enigma -Dssl=true -Dunicode=true -n com.pubnub.api.tests.PublishTest -o -fWDF /Users/work1/pubnub/java/scala/scala-pubnub-tests/target/surefire-reports/TestSuite.txt -u /Users/work1/pubnub/java/scala/scala-pubnub-tests/target/surefire-reports/.">
</property>
    <property name="java.specification.vendor" value="Oracle Corporation">
    </property>
    <property name="user.language" value="en"> </property>
    <property name="awt.toolkit" value="sun.lwawt.macosx.LWCToolkit">
    </property>
    <property name="java.vm.info" value="mixed mode"> </property>
    <property name="java.version" value="1.7.0_80-ea"> </property>
    <property 
    name="java.ext.dirs" value="/Users/work1/Library/Java/Extensions:/Library/Java/JavaVirtualMachines/jdk1.7.0_80.jdk/Contents/Home/jre/lib/ext:/Library/Java/Extensions:/Network/Library/Java/Extensions:/System/Library/Java/Extensions:/usr/lib/java">
</property>
    <property 
    name="sun.boot.class.path" value="/Library/Java/JavaVirtualMachines/jdk1.7.0_80.jdk/Contents/Home/jre/lib/resources.jar:/Library/Java/JavaVirtualMachines/jdk1.7.0_80.jdk/Contents/Home/jre/lib/rt.jar:/Library/Java/JavaVirtualMachines/jdk1.7.0_80.jdk/Contents/Home/jre/lib/sunrsasign.jar:/Library/Java/JavaVirtualMachines/jdk1.7.0_80.jdk/Contents/Home/jre/lib/jsse.jar:/Library/Java/JavaVirtualMachines/jdk1.7.0_80.jdk/Contents/Home/jre/lib/jce.jar:/Library/Java/JavaVirtualMachines/jdk1.7.0_80.jdk/Contents/Home/jre/lib/charsets.jar:/Library/Java/JavaVirtualMachines/jdk1.7.0_80.jdk/Contents/Home/jre/lib/jfr.jar:/Library/Java/JavaVirtualMachines/jdk1.7.0_80.jdk/Contents/Home/jre/classes">
</property>
    <property name="java.vendor" value="Oracle Corporation"> </property>
    <property name="file.separator" value="/"> </property>
    <property 
    name="java.vendor.url.bug" value="http://bugreport.sun.com/bugreport/">
</property>
    <property name="sun.cpu.endian" value="little"> </property>
    <property name="sun.io.unicode.encoding" value="UnicodeBig"> </property>
    <property 
    name="socksNonProxyHosts" value="local|*.local|169.254/16|*.169.254/16">
</property>
    <property 
    name="ftp.nonProxyHosts" value="local|*.local|169.254/16|*.169.254/16">
</property>
    <property name="sun.cpu.isalist" value=""> </property>
  </properties>
  <system-out><![CDATA[]]></system-out>
  <system-err><![CDATA[]]></system-err>
</testsuite>
